2025-07-14T12:26:02.262+05:30  INFO 8032 --- [ecommerce] [main] c.shetty.ecommerce.EcommerceApplication  : Starting EcommerceApplication using Java 21.0.5 with PID 8032 (E:\E-commerce Platform\ecommerce\target\classes started by dhanu in E:\E-commerce Platform\ecommerce)
2025-07-14T12:26:02.267+05:30  INFO 8032 --- [ecommerce] [main] c.shetty.ecommerce.EcommerceApplication  : No active profile set, falling back to 1 default profile: "default"
2025-07-14T12:26:03.005+05:30  INFO 8032 --- [ecommerce] [main] .s.d.r.c.RepositoryConfigurationDelegate : Bootstrapping Spring Data JPA repositories in DEFAULT mode.
2025-07-14T12:26:03.071+05:30  INFO 8032 --- [ecommerce] [main] .s.d.r.c.RepositoryConfigurationDelegate : Finished Spring Data repository scanning in 57 ms. Found 6 JPA repository interfaces.
2025-07-14T12:26:03.598+05:30  INFO 8032 --- [ecommerce] [main] o.s.b.w.embedded.tomcat.TomcatWebServer  : Tomcat initialized with port 8081 (http)
2025-07-14T12:26:03.613+05:30  INFO 8032 --- [ecommerce] [main] o.apache.catalina.core.StandardService   : Starting service [Tomcat]
2025-07-14T12:26:03.613+05:30  INFO 8032 --- [ecommerce] [main] o.apache.catalina.core.StandardEngine    : Starting Servlet engine: [Apache Tomcat/10.1.42]
2025-07-14T12:26:03.670+05:30  INFO 8032 --- [ecommerce] [main] o.a.c.c.C.[Tomcat].[localhost].[/]       : Initializing Spring embedded WebApplicationContext
2025-07-14T12:26:03.671+05:30  INFO 8032 --- [ecommerce] [main] w.s.c.ServletWebServerApplicationContext : Root WebApplicationContext: initialization completed in 1338 ms
2025-07-14T12:26:03.879+05:30  INFO 8032 --- [ecommerce] [main] o.hibernate.jpa.internal.util.LogHelper  : HHH000204: Processing PersistenceUnitInfo [name: default]
2025-07-14T12:26:03.954+05:30  INFO 8032 --- [ecommerce] [main] org.hibernate.Version                    : HHH000412: Hibernate ORM core version 6.6.18.Final
2025-07-14T12:26:03.994+05:30  INFO 8032 --- [ecommerce] [main] o.h.c.internal.RegionFactoryInitiator    : HHH000026: Second-level cache disabled
2025-07-14T12:26:04.302+05:30  INFO 8032 --- [ecommerce] [main] o.s.o.j.p.SpringPersistenceUnitInfo      : No LoadTimeWeaver setup: ignoring JPA class transformer
2025-07-14T12:26:04.330+05:30  INFO 8032 --- [ecommerce] [main] com.zaxxer.hikari.HikariDataSource       : test - Starting...
2025-07-14T12:26:04.652+05:30  INFO 8032 --- [ecommerce] [main] com.zaxxer.hikari.pool.HikariPool        : test - Added connection com.mysql.cj.jdbc.ConnectionImpl@5788722f
2025-07-14T12:26:04.653+05:30  INFO 8032 --- [ecommerce] [main] com.zaxxer.hikari.HikariDataSource       : test - Start completed.
2025-07-14T12:26:04.711+05:30  WARN 8032 --- [ecommerce] [main] org.hibernate.orm.deprecation            : HHH90000025: MySQL8Dialect does not need to be specified explicitly using 'hibernate.dialect' (remove the property setting and it will be selected by default)
2025-07-14T12:26:04.712+05:30  WARN 8032 --- [ecommerce] [main] org.hibernate.orm.deprecation            : HHH90000026: MySQL8Dialect has been deprecated; use org.hibernate.dialect.MySQLDialect instead
2025-07-14T12:26:04.730+05:30  INFO 8032 --- [ecommerce] [main] org.hibernate.orm.connections.pooling    : HHH10001005: Database info:
	Database JDBC URL [Connecting through datasource 'HikariDataSource (test)']
	Database driver: undefined/unknown
	Database version: 8.0
	Autocommit mode: undefined/unknown
	Isolation level: undefined/unknown
	Minimum pool size: undefined/unknown
	Maximum pool size: undefined/unknown
2025-07-14T12:26:05.657+05:30  INFO 8032 --- [ecommerce] [main] o.h.e.t.j.p.i.JtaPlatformInitiator       : HHH000489: No JTA platform available (set 'hibernate.transaction.jta.platform' to enable JTA platform integration)
2025-07-14T12:26:05.791+05:30  INFO 8032 --- [ecommerce] [main] j.LocalContainerEntityManagerFactoryBean : Initialized JPA EntityManagerFactory for persistence unit 'default'
2025-07-14T12:26:06.111+05:30  WARN 8032 --- [ecommerce] [main] JpaBaseConfiguration$JpaWebConfiguration : spring.jpa.open-in-view is enabled by default. Therefore, database queries may be performed during view rendering. Explicitly configure spring.jpa.open-in-view to disable this warning
2025-07-14T12:26:06.141+05:30  INFO 8032 --- [ecommerce] [main] r$InitializeUserDetailsManagerConfigurer : Global AuthenticationManager configured with UserDetailsService bean with name userDetailServiceImpl
2025-07-14T12:26:06.622+05:30  INFO 8032 --- [ecommerce] [main] o.s.b.w.embedded.tomcat.TomcatWebServer  : Tomcat started on port 8081 (http) with context path '/'
2025-07-14T12:26:06.630+05:30  INFO 8032 --- [ecommerce] [main] c.shetty.ecommerce.EcommerceApplication  : Started EcommerceApplication in 4.895 seconds (process running for 5.696)
2025-07-14T12:26:19.118+05:30  INFO 8032 --- [ecommerce] [RMI TCP Connection(2)-127.0.0.1] inMXBeanRegistrar$SpringApplicationAdmin : Application shutdown requested.
2025-07-14T12:26:19.120+05:30  INFO 8032 --- [ecommerce] [RMI TCP Connection(2)-127.0.0.1] o.s.b.w.e.tomcat.GracefulShutdown        : Commencing graceful shutdown. Waiting for active requests to complete
2025-07-14T12:26:19.140+05:30  INFO 8032 --- [ecommerce] [tomcat-shutdown] o.s.b.w.e.tomcat.GracefulShutdown        : Graceful shutdown complete
2025-07-14T12:26:19.143+05:30  INFO 8032 --- [ecommerce] [RMI TCP Connection(2)-127.0.0.1] j.LocalContainerEntityManagerFactoryBean : Closing JPA EntityManagerFactory for persistence unit 'default'
2025-07-14T12:26:19.144+05:30  INFO 8032 --- [ecommerce] [RMI TCP Connection(2)-127.0.0.1] com.zaxxer.hikari.HikariDataSource       : test - Shutdown initiated...
2025-07-14T12:26:19.152+05:30  INFO 8032 --- [ecommerce] [RMI TCP Connection(2)-127.0.0.1] com.zaxxer.hikari.HikariDataSource       : test - Shutdown completed.
