2025-07-12T08:53:47.050+05:30  INFO 9116 --- [ecommerce] [main] c.shetty.ecommerce.EcommerceApplication  : Starting EcommerceApplication using Java 21.0.5 with PID 9116 (E:\E-commerce Platform\ecommerce\target\classes started by dhanu in E:\E-commerce Platform\ecommerce)
2025-07-12T08:53:47.054+05:30  INFO 9116 --- [ecommerce] [main] c.shetty.ecommerce.EcommerceApplication  : No active profile set, falling back to 1 default profile: "default"
2025-07-12T08:53:47.845+05:30  INFO 9116 --- [ecommerce] [main] .s.d.r.c.RepositoryConfigurationDelegate : Bootstrapping Spring Data JPA repositories in DEFAULT mode.
2025-07-12T08:53:47.931+05:30  INFO 9116 --- [ecommerce] [main] .s.d.r.c.RepositoryConfigurationDelegate : Finished Spring Data repository scanning in 75 ms. Found 6 JPA repository interfaces.
2025-07-12T08:53:48.467+05:30  INFO 9116 --- [ecommerce] [main] o.s.b.w.embedded.tomcat.TomcatWebServer  : Tomcat initialized with port 8081 (http)
2025-07-12T08:53:48.480+05:30  INFO 9116 --- [ecommerce] [main] o.apache.catalina.core.StandardService   : Starting service [Tomcat]
2025-07-12T08:53:48.481+05:30  INFO 9116 --- [ecommerce] [main] o.apache.catalina.core.StandardEngine    : Starting Servlet engine: [Apache Tomcat/10.1.42]
2025-07-12T08:53:48.539+05:30  INFO 9116 --- [ecommerce] [main] o.a.c.c.C.[Tomcat].[localhost].[/]       : Initializing Spring embedded WebApplicationContext
2025-07-12T08:53:48.540+05:30  INFO 9116 --- [ecommerce] [main] w.s.c.ServletWebServerApplicationContext : Root WebApplicationContext: initialization completed in 1421 ms
2025-07-12T08:53:48.724+05:30  INFO 9116 --- [ecommerce] [main] o.hibernate.jpa.internal.util.LogHelper  : HHH000204: Processing PersistenceUnitInfo [name: default]
2025-07-12T08:53:48.802+05:30  INFO 9116 --- [ecommerce] [main] org.hibernate.Version                    : HHH000412: Hibernate ORM core version 6.6.18.Final
2025-07-12T08:53:48.843+05:30  INFO 9116 --- [ecommerce] [main] o.h.c.internal.RegionFactoryInitiator    : HHH000026: Second-level cache disabled
2025-07-12T08:53:49.141+05:30  INFO 9116 --- [ecommerce] [main] o.s.o.j.p.SpringPersistenceUnitInfo      : No LoadTimeWeaver setup: ignoring JPA class transformer
2025-07-12T08:53:49.173+05:30  INFO 9116 --- [ecommerce] [main] com.zaxxer.hikari.HikariDataSource       : test - Starting...
2025-07-12T08:53:49.580+05:30  INFO 9116 --- [ecommerce] [main] com.zaxxer.hikari.pool.HikariPool        : test - Added connection com.mysql.cj.jdbc.ConnectionImpl@654b899f
2025-07-12T08:53:49.581+05:30  INFO 9116 --- [ecommerce] [main] com.zaxxer.hikari.HikariDataSource       : test - Start completed.
2025-07-12T08:53:49.660+05:30  WARN 9116 --- [ecommerce] [main] org.hibernate.orm.deprecation            : HHH90000025: MySQL8Dialect does not need to be specified explicitly using 'hibernate.dialect' (remove the property setting and it will be selected by default)
2025-07-12T08:53:49.661+05:30  WARN 9116 --- [ecommerce] [main] org.hibernate.orm.deprecation            : HHH90000026: MySQL8Dialect has been deprecated; use org.hibernate.dialect.MySQLDialect instead
2025-07-12T08:53:49.682+05:30  INFO 9116 --- [ecommerce] [main] org.hibernate.orm.connections.pooling    : HHH10001005: Database info:
	Database JDBC URL [Connecting through datasource 'HikariDataSource (test)']
	Database driver: undefined/unknown
	Database version: 8.0
	Autocommit mode: undefined/unknown
	Isolation level: undefined/unknown
	Minimum pool size: undefined/unknown
	Maximum pool size: undefined/unknown
2025-07-12T08:53:50.745+05:30  INFO 9116 --- [ecommerce] [main] o.h.e.t.j.p.i.JtaPlatformInitiator       : HHH000489: No JTA platform available (set 'hibernate.transaction.jta.platform' to enable JTA platform integration)
2025-07-12T08:53:50.928+05:30  INFO 9116 --- [ecommerce] [main] j.LocalContainerEntityManagerFactoryBean : Initialized JPA EntityManagerFactory for persistence unit 'default'
2025-07-12T08:53:51.357+05:30  WARN 9116 --- [ecommerce] [main] JpaBaseConfiguration$JpaWebConfiguration : spring.jpa.open-in-view is enabled by default. Therefore, database queries may be performed during view rendering. Explicitly configure spring.jpa.open-in-view to disable this warning
2025-07-12T08:53:51.401+05:30  INFO 9116 --- [ecommerce] [main] r$InitializeUserDetailsManagerConfigurer : Global AuthenticationManager configured with UserDetailsService bean with name userDetailServiceImpl
2025-07-12T08:53:51.995+05:30  INFO 9116 --- [ecommerce] [main] o.s.b.w.embedded.tomcat.TomcatWebServer  : Tomcat started on port 8081 (http) with context path '/'
2025-07-12T08:53:52.003+05:30  INFO 9116 --- [ecommerce] [main] c.shetty.ecommerce.EcommerceApplication  : Started EcommerceApplication in 5.489 seconds (process running for 6.216)
2025-07-12T08:55:43.493+05:30  INFO 9380 --- [ecommerce] [main] c.s.e.controller.PaymentControllerTest   : Starting PaymentControllerTest using Java 21.0.5 with PID 9380 (started by dhanu in E:\E-commerce Platform\ecommerce)
2025-07-12T08:55:43.495+05:30  INFO 9380 --- [ecommerce] [main] c.s.e.controller.PaymentControllerTest   : No active profile set, falling back to 1 default profile: "default"
2025-07-12T08:55:46.771+05:30  WARN 9380 --- [ecommerce] [main] .s.s.UserDetailsServiceAutoConfiguration : 

Using generated security password: 64a0d3bc-628c-47e8-ad33-7b35c9bace23

This generated password is for development use only. Your security configuration must be updated before running your application in production.

2025-07-12T08:55:46.802+05:30  INFO 9380 --- [ecommerce] [main] r$InitializeUserDetailsManagerConfigurer : Global AuthenticationManager configured with UserDetailsService bean with name inMemoryUserDetailsManager
2025-07-12T08:55:47.106+05:30  INFO 9380 --- [ecommerce] [main] o.s.b.t.m.w.SpringBootMockServletContext : Initializing Spring TestDispatcherServlet ''
2025-07-12T08:55:47.106+05:30  INFO 9380 --- [ecommerce] [main] o.s.t.web.servlet.TestDispatcherServlet  : Initializing Servlet ''
2025-07-12T08:55:47.108+05:30  INFO 9380 --- [ecommerce] [main] o.s.t.web.servlet.TestDispatcherServlet  : Completed initialization in 2 ms
2025-07-12T08:55:47.160+05:30  INFO 9380 --- [ecommerce] [main] c.s.e.controller.PaymentControllerTest   : Started PaymentControllerTest in 4.267 seconds (process running for 5.669)
2025-07-12T08:56:15.049+05:30  INFO 6232 --- [ecommerce] [main] c.s.e.controller.PaymentControllerTest   : Starting PaymentControllerTest using Java 21.0.5 with PID 6232 (started by dhanu in E:\E-commerce Platform\ecommerce)
2025-07-12T08:56:15.051+05:30  INFO 6232 --- [ecommerce] [main] c.s.e.controller.PaymentControllerTest   : No active profile set, falling back to 1 default profile: "default"
2025-07-12T08:56:18.418+05:30  WARN 6232 --- [ecommerce] [main] .s.s.UserDetailsServiceAutoConfiguration : 

Using generated security password: a97592a7-4fd9-4482-bf12-8537aac55d21

This generated password is for development use only. Your security configuration must be updated before running your application in production.

2025-07-12T08:56:18.450+05:30  INFO 6232 --- [ecommerce] [main] r$InitializeUserDetailsManagerConfigurer : Global AuthenticationManager configured with UserDetailsService bean with name inMemoryUserDetailsManager
2025-07-12T08:56:18.788+05:30  INFO 6232 --- [ecommerce] [main] o.s.b.t.m.w.SpringBootMockServletContext : Initializing Spring TestDispatcherServlet ''
2025-07-12T08:56:18.789+05:30  INFO 6232 --- [ecommerce] [main] o.s.t.web.servlet.TestDispatcherServlet  : Initializing Servlet ''
2025-07-12T08:56:18.792+05:30  INFO 6232 --- [ecommerce] [main] o.s.t.web.servlet.TestDispatcherServlet  : Completed initialization in 3 ms
2025-07-12T08:56:18.850+05:30  INFO 6232 --- [ecommerce] [main] c.s.e.controller.PaymentControllerTest   : Started PaymentControllerTest in 4.475 seconds (process running for 5.86)
2025-07-12T09:01:28.459+05:30  INFO 15948 --- [ecommerce] [main] c.s.e.controller.PaymentControllerTest   : Starting PaymentControllerTest using Java 21.0.5 with PID 15948 (started by dhanu in E:\E-commerce Platform\ecommerce)
2025-07-12T09:01:28.461+05:30  INFO 15948 --- [ecommerce] [main] c.s.e.controller.PaymentControllerTest   : No active profile set, falling back to 1 default profile: "default"
2025-07-12T09:01:31.730+05:30  WARN 15948 --- [ecommerce] [main] .s.s.UserDetailsServiceAutoConfiguration : 

Using generated security password: 6e75d535-5a97-4559-a4e8-882aed846ec1

This generated password is for development use only. Your security configuration must be updated before running your application in production.

2025-07-12T09:01:31.754+05:30  INFO 15948 --- [ecommerce] [main] r$InitializeUserDetailsManagerConfigurer : Global AuthenticationManager configured with UserDetailsService bean with name inMemoryUserDetailsManager
2025-07-12T09:01:32.085+05:30  INFO 15948 --- [ecommerce] [main] o.s.b.t.m.w.SpringBootMockServletContext : Initializing Spring TestDispatcherServlet ''
2025-07-12T09:01:32.086+05:30  INFO 15948 --- [ecommerce] [main] o.s.t.web.servlet.TestDispatcherServlet  : Initializing Servlet ''
2025-07-12T09:01:32.088+05:30  INFO 15948 --- [ecommerce] [main] o.s.t.web.servlet.TestDispatcherServlet  : Completed initialization in 2 ms
2025-07-12T09:01:32.137+05:30  INFO 15948 --- [ecommerce] [main] c.s.e.controller.PaymentControllerTest   : Started PaymentControllerTest in 4.411 seconds (process running for 5.796)
2025-07-12T09:03:21.202+05:30  INFO 13104 --- [ecommerce] [main] c.s.e.controller.PaymentControllerTest   : Starting PaymentControllerTest using Java 21.0.5 with PID 13104 (started by dhanu in E:\E-commerce Platform\ecommerce)
2025-07-12T09:03:21.203+05:30  INFO 13104 --- [ecommerce] [main] c.s.e.controller.PaymentControllerTest   : No active profile set, falling back to 1 default profile: "default"
2025-07-12T09:03:24.411+05:30  WARN 13104 --- [ecommerce] [main] .s.s.UserDetailsServiceAutoConfiguration : 

Using generated security password: c92e1ad7-1bfb-42fb-9e04-6e71d9a17b5d

This generated password is for development use only. Your security configuration must be updated before running your application in production.

2025-07-12T09:03:24.438+05:30  INFO 13104 --- [ecommerce] [main] r$InitializeUserDetailsManagerConfigurer : Global AuthenticationManager configured with UserDetailsService bean with name inMemoryUserDetailsManager
2025-07-12T09:03:24.791+05:30  INFO 13104 --- [ecommerce] [main] o.s.b.t.m.w.SpringBootMockServletContext : Initializing Spring TestDispatcherServlet ''
2025-07-12T09:03:24.792+05:30  INFO 13104 --- [ecommerce] [main] o.s.t.web.servlet.TestDispatcherServlet  : Initializing Servlet ''
2025-07-12T09:03:24.793+05:30  INFO 13104 --- [ecommerce] [main] o.s.t.web.servlet.TestDispatcherServlet  : Completed initialization in 1 ms
2025-07-12T09:03:24.847+05:30  INFO 13104 --- [ecommerce] [main] c.s.e.controller.PaymentControllerTest   : Started PaymentControllerTest in 4.324 seconds (process running for 5.677)
2025-07-12T09:06:19.332+05:30  INFO 5952 --- [ecommerce] [main] c.s.e.controller.PaymentControllerTest   : Starting PaymentControllerTest using Java 21.0.5 with PID 5952 (started by dhanu in E:\E-commerce Platform\ecommerce)
2025-07-12T09:06:19.334+05:30  INFO 5952 --- [ecommerce] [main] c.s.e.controller.PaymentControllerTest   : No active profile set, falling back to 1 default profile: "default"
2025-07-12T09:06:22.335+05:30  WARN 5952 --- [ecommerce] [main] .s.s.UserDetailsServiceAutoConfiguration : 

Using generated security password: 8c11ee61-64bd-44eb-be80-b67b0c41813d

This generated password is for development use only. Your security configuration must be updated before running your application in production.

2025-07-12T09:06:22.362+05:30  INFO 5952 --- [ecommerce] [main] r$InitializeUserDetailsManagerConfigurer : Global AuthenticationManager configured with UserDetailsService bean with name inMemoryUserDetailsManager
2025-07-12T09:06:22.708+05:30  INFO 5952 --- [ecommerce] [main] o.s.b.t.m.w.SpringBootMockServletContext : Initializing Spring TestDispatcherServlet ''
2025-07-12T09:06:22.708+05:30  INFO 5952 --- [ecommerce] [main] o.s.t.web.servlet.TestDispatcherServlet  : Initializing Servlet ''
2025-07-12T09:06:22.710+05:30  INFO 5952 --- [ecommerce] [main] o.s.t.web.servlet.TestDispatcherServlet  : Completed initialization in 2 ms
2025-07-12T09:06:22.783+05:30  INFO 5952 --- [ecommerce] [main] c.s.e.controller.PaymentControllerTest   : Started PaymentControllerTest in 4.175 seconds (process running for 5.541)
2025-07-12T09:06:23.055+05:30  INFO 5952 --- [ecommerce] [main] c.s.e.controller.PaymentController       : 💳 Payment request received for Order ID: 1
2025-07-12T09:06:23.066+05:30  INFO 5952 --- [ecommerce] [main] c.s.e.controller.PaymentController       : ✅ Payment processed for Order ID: 1 with Payment ID: 1
2025-07-12T09:08:02.541+05:30  INFO 16876 --- [ecommerce] [main] c.s.e.controller.ProductControllerTest   : Starting ProductControllerTest using Java 21.0.5 with PID 16876 (started by dhanu in E:\E-commerce Platform\ecommerce)
2025-07-12T09:08:02.543+05:30  INFO 16876 --- [ecommerce] [main] c.s.e.controller.ProductControllerTest   : No active profile set, falling back to 1 default profile: "default"
2025-07-12T09:08:05.812+05:30  WARN 16876 --- [ecommerce] [main] .s.s.UserDetailsServiceAutoConfiguration : 

Using generated security password: 597a1c5c-5306-4258-96ac-591d8826189b

This generated password is for development use only. Your security configuration must be updated before running your application in production.

2025-07-12T09:08:05.828+05:30  INFO 16876 --- [ecommerce] [main] r$InitializeUserDetailsManagerConfigurer : Global AuthenticationManager configured with UserDetailsService bean with name inMemoryUserDetailsManager
2025-07-12T09:08:06.192+05:30  INFO 16876 --- [ecommerce] [main] o.s.b.t.m.w.SpringBootMockServletContext : Initializing Spring TestDispatcherServlet ''
2025-07-12T09:08:06.192+05:30  INFO 16876 --- [ecommerce] [main] o.s.t.web.servlet.TestDispatcherServlet  : Initializing Servlet ''
2025-07-12T09:08:06.194+05:30  INFO 16876 --- [ecommerce] [main] o.s.t.web.servlet.TestDispatcherServlet  : Completed initialization in 2 ms
2025-07-12T09:08:06.244+05:30  INFO 16876 --- [ecommerce] [main] c.s.e.controller.ProductControllerTest   : Started ProductControllerTest in 4.372 seconds (process running for 5.693)
2025-07-12T09:08:06.639+05:30  INFO 16876 --- [ecommerce] [main] c.s.e.controller.ProductController       : 📝 Admin is updating a product: Laptop Pro
2025-07-12T09:08:06.808+05:30  INFO 16876 --- [ecommerce] [main] c.s.e.controller.ProductController       : 📝 Admin is adding a new product: Laptop
2025-07-12T09:08:06.819+05:30  INFO 16876 --- [ecommerce] [main] c.s.e.controller.ProductController       : 👤 User is fetching a product
2025-07-12T09:08:06.835+05:30  WARN 16876 --- [ecommerce] [main] c.s.e.controller.ProductController       : ⚠️ Admin is deleting product with ID: 1
2025-07-12T09:08:06.846+05:30  INFO 16876 --- [ecommerce] [main] c.s.e.controller.ProductController       : 👤 User is fetching all products
2025-07-12T09:15:37.916+05:30  INFO 14888 --- [ecommerce] [main] c.s.e.controller.ProductControllerTest   : Starting ProductControllerTest using Java 21.0.5 with PID 14888 (started by dhanu in E:\E-commerce Platform\ecommerce)
2025-07-12T09:15:37.918+05:30  INFO 14888 --- [ecommerce] [main] c.s.e.controller.ProductControllerTest   : No active profile set, falling back to 1 default profile: "default"
2025-07-12T09:15:41.371+05:30  WARN 14888 --- [ecommerce] [main] .s.s.UserDetailsServiceAutoConfiguration : 

Using generated security password: 4032c537-3bd4-426d-a9e8-f11517da9072

This generated password is for development use only. Your security configuration must be updated before running your application in production.

2025-07-12T09:15:41.388+05:30  INFO 14888 --- [ecommerce] [main] r$InitializeUserDetailsManagerConfigurer : Global AuthenticationManager configured with UserDetailsService bean with name inMemoryUserDetailsManager
2025-07-12T09:15:41.744+05:30  INFO 14888 --- [ecommerce] [main] o.s.b.t.m.w.SpringBootMockServletContext : Initializing Spring TestDispatcherServlet ''
2025-07-12T09:15:41.745+05:30  INFO 14888 --- [ecommerce] [main] o.s.t.web.servlet.TestDispatcherServlet  : Initializing Servlet ''
2025-07-12T09:15:41.748+05:30  INFO 14888 --- [ecommerce] [main] o.s.t.web.servlet.TestDispatcherServlet  : Completed initialization in 3 ms
2025-07-12T09:15:41.799+05:30  INFO 14888 --- [ecommerce] [main] c.s.e.controller.ProductControllerTest   : Started ProductControllerTest in 4.633 seconds (process running for 6.031)
2025-07-12T09:15:42.238+05:30  INFO 14888 --- [ecommerce] [main] c.s.e.controller.ProductController       : 📝 Admin is updating a product: Laptop Pro
2025-07-12T09:15:42.407+05:30  INFO 14888 --- [ecommerce] [main] c.s.e.controller.ProductController       : 📝 Admin is adding a new product: Laptop
2025-07-12T09:15:42.420+05:30  INFO 14888 --- [ecommerce] [main] c.s.e.controller.ProductController       : 👤 User is fetching a product
2025-07-12T09:15:42.443+05:30  WARN 14888 --- [ecommerce] [main] c.s.e.controller.ProductController       : ⚠️ Admin is deleting product with ID: 1
2025-07-12T09:15:42.455+05:30  INFO 14888 --- [ecommerce] [main] c.s.e.controller.ProductController       : 👤 User is fetching all products
2025-07-12T09:15:53.414+05:30  INFO 228 --- [ecommerce] [main] c.s.e.controller.ReviewControllerTest    : Starting ReviewControllerTest using Java 21.0.5 with PID 228 (started by dhanu in E:\E-commerce Platform\ecommerce)
2025-07-12T09:15:53.417+05:30  INFO 228 --- [ecommerce] [main] c.s.e.controller.ReviewControllerTest    : No active profile set, falling back to 1 default profile: "default"
2025-07-12T09:15:57.039+05:30  WARN 228 --- [ecommerce] [main] .s.s.UserDetailsServiceAutoConfiguration : 

Using generated security password: d6e2e891-4752-47fd-9f0d-81e723db467a

This generated password is for development use only. Your security configuration must be updated before running your application in production.

2025-07-12T09:15:57.050+05:30  INFO 228 --- [ecommerce] [main] r$InitializeUserDetailsManagerConfigurer : Global AuthenticationManager configured with UserDetailsService bean with name inMemoryUserDetailsManager
2025-07-12T09:15:57.383+05:30  INFO 228 --- [ecommerce] [main] o.s.b.t.m.w.SpringBootMockServletContext : Initializing Spring TestDispatcherServlet ''
2025-07-12T09:15:57.383+05:30  INFO 228 --- [ecommerce] [main] o.s.t.web.servlet.TestDispatcherServlet  : Initializing Servlet ''
2025-07-12T09:15:57.386+05:30  INFO 228 --- [ecommerce] [main] o.s.t.web.servlet.TestDispatcherServlet  : Completed initialization in 2 ms
2025-07-12T09:15:57.442+05:30  INFO 228 --- [ecommerce] [main] c.s.e.controller.ReviewControllerTest    : Started ReviewControllerTest in 4.66 seconds (process running for 6.139)
2025-07-12T09:15:57.667+05:30  INFO 228 --- [ecommerce] [main] c.s.e.controller.ReviewController        : 👤 Fetching reviews for Product ID 1
2025-07-12T09:15:58.017+05:30  INFO 228 --- [ecommerce] [main] c.s.e.controller.ReviewController        : 📝 User ID 1 submitted review for Product ID 1 with rating 5
2025-07-12T18:10:15.106+05:30  WARN 9116 --- [ecommerce] [test:housekeeper] com.zaxxer.hikari.pool.HikariPool        : test - Thread starvation or clock leap detected (housekeeper delta=8h38m59s277ms438µs500ns).
2025-07-12T22:17:59.644+05:30  WARN 9116 --- [ecommerce] [test:housekeeper] com.zaxxer.hikari.pool.HikariPool        : test - Thread starvation or clock leap detected (housekeeper delta=4h7m20s776ms926µs400ns).
2025-07-12T22:56:45.841+05:30  WARN 9116 --- [ecommerce] [test:housekeeper] com.zaxxer.hikari.pool.HikariPool        : test - Thread starvation or clock leap detected (housekeeper delta=28m46s48ms642µs900ns).
2025-07-12T23:14:21.551+05:30  WARN 9116 --- [ecommerce] [test:housekeeper] com.zaxxer.hikari.pool.HikariPool        : test - Thread starvation or clock leap detected (housekeeper delta=12m35s679ms44µs500ns).
2025-07-12T23:14:40.549+05:30  INFO 9116 --- [ecommerce] [RMI TCP Connection(64)-127.0.0.1] inMXBeanRegistrar$SpringApplicationAdmin : Application shutdown requested.
2025-07-12T23:14:40.573+05:30  INFO 9116 --- [ecommerce] [RMI TCP Connection(64)-127.0.0.1] o.s.b.w.e.tomcat.GracefulShutdown        : Commencing graceful shutdown. Waiting for active requests to complete
2025-07-12T23:14:40.603+05:30  INFO 9116 --- [ecommerce] [tomcat-shutdown] o.s.b.w.e.tomcat.GracefulShutdown        : Graceful shutdown complete
2025-07-12T23:14:40.617+05:30  INFO 9116 --- [ecommerce] [RMI TCP Connection(64)-127.0.0.1] j.LocalContainerEntityManagerFactoryBean : Closing JPA EntityManagerFactory for persistence unit 'default'
2025-07-12T23:14:40.627+05:30  INFO 9116 --- [ecommerce] [RMI TCP Connection(64)-127.0.0.1] com.zaxxer.hikari.HikariDataSource       : test - Shutdown initiated...
2025-07-12T23:14:40.637+05:30  INFO 9116 --- [ecommerce] [RMI TCP Connection(64)-127.0.0.1] com.zaxxer.hikari.HikariDataSource       : test - Shutdown completed.
